1620642125411	geckodriver	INFO	Listening on 127.0.0.1:54338
1620642128388	mozrunner::runner	INFO	Running command: "C:\\Program Files\\Mozilla Firefox\\firefox.exe" "--marionette" "-foreground" "-no-remote" "-profile" "C:\\Users\\BENJAM~1.NOR\\AppData\\Local\\Temp\\rust_mozprofiledYxmD4"
1620642131001	Marionette	INFO	Marionette enabled
console.warn: SearchSettings: "get: No settings file exists, new profile?" (new Error("", "(unknown module)"))
1620642136815	Marionette	INFO	Listening on port 54349
1620642136910	Marionette	WARN	TLS certificate errors will be ignored for this session
1620642137790	Marionette	INFO	Stopped listening on port 54349
1620642183640	geckodriver	INFO	Listening on 127.0.0.1:54436
1620642186637	mozrunner::runner	INFO	Running command: "C:\\Program Files\\Mozilla Firefox\\firefox.exe" "--marionette" "-foreground" "-no-remote" "-profile" "C:\\Users\\BENJAM~1.NOR\\AppData\\Local\\Temp\\rust_mozprofilebPzSiW"
1620642188268	Marionette	INFO	Marionette enabled
console.warn: SearchSettings: "get: No settings file exists, new profile?" (new Error("", "(unknown module)"))
1620642193299	Marionette	INFO	Listening on port 54445
1620642193520	Marionette	WARN	TLS certificate errors will be ignored for this session
1620642197299	Marionette	INFO	Stopped listening on port 54445

###!!! [Child][RunMessage] Error: Channel closing: too late to send/recv, messages will be lost

1620642222887	geckodriver	INFO	Listening on 127.0.0.1:54526
1620642225850	mozrunner::runner	INFO	Running command: "C:\\Program Files\\Mozilla Firefox\\firefox.exe" "--marionette" "-foreground" "-no-remote" "-profile" "C:\\Users\\BENJAM~1.NOR\\AppData\\Local\\Temp\\rust_mozprofile6mU1aX"
1620642227474	Marionette	INFO	Marionette enabled
console.warn: SearchSettings: "get: No settings file exists, new profile?" (new Error("", "(unknown module)"))
1620642232462	Marionette	INFO	Listening on port 54535
1620642232933	Marionette	WARN	TLS certificate errors will be ignored for this session
1620642236481	Marionette	INFO	Stopped listening on port 54535

###!!! [Child][RunMessage] Error: Channel closing: too late to send/recv, messages will be lost

1620643708753	geckodriver	INFO	Listening on 127.0.0.1:55280
1620643711736	mozrunner::runner	INFO	Running command: "C:\\Program Files\\Mozilla Firefox\\firefox.exe" "--marionette" "-headless" "-foreground" "-no-remote" "-profile" "C:\\Users\\BENJAM~1.NOR\\AppData\\Local\\Temp\\rust_mozprofile94nJhS"
*** You are running in headless mode.
1620643713262	Marionette	INFO	Marionette enabled
console.warn: SearchSettings: "get: No settings file exists, new profile?" (new Error("", "(unknown module)"))
1620643715156	Marionette	INFO	Listening on port 55289
1620643715464	Marionette	WARN	TLS certificate errors will be ignored for this session
1620643719092	Marionette	INFO	Stopped listening on port 55289
1620643907834	geckodriver	INFO	Listening on 127.0.0.1:55459
1620643910810	mozrunner::runner	INFO	Running command: "C:\\Program Files\\Mozilla Firefox\\firefox.exe" "--marionette" "-headless" "-foreground" "-no-remote" "-profile" "C:\\Users\\BENJAM~1.NOR\\AppData\\Local\\Temp\\rust_mozprofileYLgD9P"
*** You are running in headless mode.
1620643912127	Marionette	INFO	Marionette enabled
console.warn: SearchSettings: "get: No settings file exists, new profile?" (new Error("", "(unknown module)"))
1620643914054	Marionette	INFO	Listening on port 55470
1620643914507	Marionette	WARN	TLS certificate errors will be ignored for this session
1620643918129	Marionette	INFO	Stopped listening on port 55470
1620659136683	geckodriver	INFO	Listening on 127.0.0.1:60910
1620659139689	mozrunner::runner	INFO	Running command: "C:\\Program Files\\Mozilla Firefox\\firefox.exe" "--marionette" "-headless" "-foreground" "-no-remote" "-profile" "C:\\Users\\BENJAM~1.NOR\\AppData\\Local\\Temp\\rust_mozprofileTWJsvI"
*** You are running in headless mode.
1620659141451	Marionette	INFO	Marionette enabled
console.warn: SearchSettings: "get: No settings file exists, new profile?" (new Error("", "(unknown module)"))
1620659143749	Marionette	INFO	Listening on port 60919
1620659143910	Marionette	WARN	TLS certificate errors will be ignored for this session
1620659147435	Marionette	INFO	Stopped listening on port 60919
1620659157133	geckodriver	INFO	Listening on 127.0.0.1:60985
1620659160174	mozrunner::runner	INFO	Running command: "C:\\Program Files\\Mozilla Firefox\\firefox.exe" "--marionette" "-headless" "-foreground" "-no-remote" "-profile" "C:\\Users\\BENJAM~1.NOR\\AppData\\Local\\Temp\\rust_mozprofileFDWr1U"
*** You are running in headless mode.
1620659161389	Marionette	INFO	Marionette enabled
console.warn: SearchSettings: "get: No settings file exists, new profile?" (new Error("", "(unknown module)"))
1620659163359	Marionette	INFO	Listening on port 60994
1620659163869	Marionette	WARN	TLS certificate errors will be ignored for this session
1620659167930	Marionette	INFO	Stopped listening on port 60994
1620669068689	geckodriver	INFO	Listening on 127.0.0.1:63884
1620669071694	mozrunner::runner	INFO	Running command: "C:\\Program Files\\Mozilla Firefox\\firefox.exe" "--marionette" "-headless" "-foreground" "-no-remote" "-profile" "C:\\Users\\BENJAM~1.NOR\\AppData\\Local\\Temp\\rust_mozprofilemqzKRb"
*** You are running in headless mode.
1620669073189	Marionette	INFO	Marionette enabled
console.warn: SearchSettings: "get: No settings file exists, new profile?" (new Error("", "(unknown module)"))
1620669075671	Marionette	INFO	Listening on port 63893
1620669075966	Marionette	WARN	TLS certificate errors will be ignored for this session
1620669376720	geckodriver	INFO	Listening on 127.0.0.1:64134
1620669379706	mozrunner::runner	INFO	Running command: "C:\\Program Files\\Mozilla Firefox\\firefox.exe" "--marionette" "-headless" "-foreground" "-no-remote" "-profile" "C:\\Users\\BENJAM~1.NOR\\AppData\\Local\\Temp\\rust_mozprofilecFgpM9"
*** You are running in headless mode.
1620669380983	Marionette	INFO	Marionette enabled
console.warn: SearchSettings: "get: No settings file exists, new profile?" (new Error("", "(unknown module)"))
1620669383079	Marionette	INFO	Listening on port 64142
1620669383413	Marionette	WARN	TLS certificate errors will be ignored for this session
1620669387399	Marionette	INFO	Stopped listening on port 64142
1620669450128	geckodriver	INFO	Listening on 127.0.0.1:64221
1620669453070	mozrunner::runner	INFO	Running command: "C:\\Program Files\\Mozilla Firefox\\firefox.exe" "--marionette" "-headless" "-foreground" "-no-remote" "-profile" "C:\\Users\\BENJAM~1.NOR\\AppData\\Local\\Temp\\rust_mozprofileS8rOEx"
*** You are running in headless mode.
1620669454417	Marionette	INFO	Marionette enabled
console.warn: SearchSettings: "get: No settings file exists, new profile?" (new Error("", "(unknown module)"))
1620669456832	Marionette	INFO	Listening on port 64229
1620669457281	Marionette	WARN	TLS certificate errors will be ignored for this session
1620669461441	Marionette	INFO	Stopped listening on port 64221620669462126	mozrunner::runner	INFO	Running command: "C:\\Program Files\\Mozilla Firefox\\firefox.exe" "--marionette" "-headless" "-foreground" "-no-remote" "-profile" "C:\\Users\\BENJAM~1.NOR\\AppData\\Local\\Temp\\rust_mozprofileJDo5wx"
*** You are running in headless mode.
1620669465201	Marionette	INFO	Marionette enabled
console.warn: SearchSettings: "get: No settings file exists, new profile?" (new Error("", "(unknown module)"))
1620669467065	Marionette	INFO	Listening on port 64302
1620669467471	Marionette	WARN	TLS certificate errors will be ignored for this session
1620669471451	Marionette	INFO	Stopped listening on port 64302
1620669490068	geckodriver	INFO	Listening on 127.0.0.1:64375
1620669493083	mozrunner::runner	INFO	Running command: "C:\\Program Files\\Mozilla Firefox\\firefox.exe" "--marionette" "-headless" "-foreground" "-no-remote" "-profile" "C:\\Users\\BENJAM~1.NOR\\AppData\\Local\\Temp\\rust_mozprofile45xVPa"
*** You are running in headless mode.
1620669494462	Marionette	INFO	Marionette enabled
console.warn: SearchSettings: "get: No settings file exists, new profile?" (new Error("", "(unknown module)"))
1620669496532	Marionette	INFO	Listening on port 64384
1620669496752	Marionette	WARN	TLS certificate errors will be ignored for this session
1620669524128	Marionette	INFO	Stopped listening on port 64384
1620669548591	geckodriver	INFO	Listening on 127.0.0.1:64477
1620669551594	mozrunner::runner	INFO	Running command: "C:\\Program Files\\Mozilla Firefox\\firefox.exe" "--marionette" "-headless" "-foreground" "-no-remote" "-profile" "C:\\Users\\BENJAM~1.NOR\\AppData\\Local\\Temp\\rust_mozprofileU6hphg"
*** You are running in headless mode.
1620669553013	Marionette	INFO	Marionette enabled
console.warn: SearchSettings: "get: No settings file exists, new profile?" (new Error("", "(unknown module)"))
1620669555068	Marionette	INFO	Listening on port 64486
1620669555276	Marionette	WARN	TLS certificate errors will be ignored for this session
1620669582235	Marionette	INFO	Stopped listening on port 64486
1620670543069	geckodriver	INFO	Listening on 127.0.0.1:64686
1620670546047	mozrunner::runner	INFO	Running command: "C:\\Program Files\\Mozilla Firefox\\firefox.exe" "--marionette" "-headless" "-foreground" "-no-remote" "-profile" "C:\\Users\\BENJAM~1.NOR\\AppData\\Local\\Temp\\rust_mozprofileUcbUPp"
*** You are running in headless mode.
1620670547454	Marionette	INFO	Marionette enabled
console.warn: SearchSettings: "get: No settings file exists, new profile?" (new Error("", "(unknown module)"))
1620670549472	Marionette	INFO	Listening on port 64695
1620670549712	Marionette	WARN	TLS certificate errors will be ignored for this session
1620670552852	Marionette	INFO	Stopped listening on port 64695
1620670563470	geckodriver	INFO	Listening on 127.0.0.1:64773
1620670566486	mozrunner::runner	INFO	Running command: "C:\\Program Files\\Mozilla Firefox\\firefox.exe" "--marionette" "-headless" "-foreground" "-no-remote" "-profile" "C:\\Users\\BENJAM~1.NOR\\AppData\\Local\\Temp\\rust_mozprofilerDv1Pt"
*** You are running in headless mode.
1620670567959	Marionette	INFO	Marionette enabled
console.warn: SearchSettings: "get: No settings file exists, new profile?" (new Error("", "(unknown module)"))
1620670570362	Marionette	INFO	Listening on port 64781
1620670570675	Marionette	WARN	TLS certificate errors will be ignored for this session
1620670583730	Marionette	INFO	Stopped listening on port 64781
1620670613468	geckodriver	INFO	Listening on 127.0.0.1:64870
1620670616475	mozrunner::runner	INFO	Running command: "C:\\Program Files\\Mozilla Firefox\\firefox.exe" "--marionette" "-headless" "-foreground" "-no-remote" "-profile" "C:\\Users\\BENJAM~1.NOR\\AppData\\Local\\Temp\\rust_mozprofileaFaxSU"
*** You are running in headless mode.
1620670618148	Marionette	INFO	Marionette enabled
console.warn: SearchSettings: "get: No settings file exists, new profile?" (new Error("", "(unknown module)"))
1620670620538	Marionette	INFO	Listening on port 64879
1620670620777	Marionette	WARN	TLS certificate errors will be ignored for this session
1620670693738	Marionette	INFO	Stopped listening on port 64879
1620670749730	geckodriver	INFO	Listening on 127.0.0.1:65024
1620670752739	mozrunner::runner	INFO	Running command: "C:\\Program Files\\Mozilla Firefox\\firefox.exe" "--marionette" "-foreground" "-no-remote" "-profile" "C:\\Users\\BENJAM~1.NOR\\AppData\\Local\\Temp\\rust_mozprofile3qifof"
1620670754232	Marionette	INFO	Marionette enabled
console.warn: SearchSettings: "get: No settings file exists, new profile?" (new Error("", "(unknown module)"))
1620670758528	Marionette	INFO	Listening on port 65032
1620670758613	Marionette	WARN	TLS certificate errors will be ignored for this session
1620670785994	Marionette	INFO	Stopped listening on port 65032

###!!! [Child][RunMessage] Error: Channel closing: too late to send/recv, messages will be lost

1620671150156	geckodriver	INFO	Listening on 127.0.0.1:65414
1620671153129	mozrunner::runner	INFO	Running command: "C:\\Program Files\\Mozilla Firefox\\firefox.exe" "--marionette" "-foreground" "-no-remote" "-profile" "C:\\Users\\BENJAM~1.NOR\\AppData\\Local\\Temp\\rust_mozprofileHhiSH5"
1620671154596	Marionette	INFO	Marionette enabled
console.warn: SearchSettings: "get: No settings file exists, new profile?" (new Error("", "(unknown module)"))
1620671159487	Marionette	INFO	Listening on port 65422
1620671159561	Marionette	WARN	TLS certificate errors will be ignored for this session
1620671197410	Marionette	INFO	Stopped listening on port 65422

###!!! [Child][RunMessage] Error: Channel closing: too late to send/recv, messages will be lost

1620671420499	geckodriver	INFO	Listening on 127.0.0.1:49272
1620671423502	mozrunner::runner	INFO	Running command: "C:\\Program Files\\Mozilla Firefox\\firefox.exe" "--marionette" "-foreground" "-no-remote" "-profile" "C:\\Users\\BENJAM~1.NOR\\AppData\\Local\\Temp\\rust_mozprofilewdzW8Q"
1620671424839	Marionette	INFO	Marionette enabled
console.warn: SearchSettings: "get: No settings file exists, new profile?" (new Error("", "(unknown module)"))
1620671429668	Marionette	INFO	Listening on port 49280
1620671429841	Marionette	WARN	TLS certificate errors will be ignored for this session
1620671457745	Marionette	INFO	Stopped listening on port 49280

###!!! [Child][RunMessage] Error: Channel closing: too late to send/recv, messages will be lost

1620718277126	geckodriver	INFO	Listening on 127.0.0.1:54959
1620718280097	mozrunner::runner	INFO	Running command: "C:\\Program Files\\Mozilla Firefox\\firefox.exe" "--marionette" "-foreground" "-no-remote" "-profile" "C:\\Users\\BENJAM~1.NOR\\AppData\\Local\\Temp\\rust_mozprofilel5BII7"
1620718281518	Marionette	INFO	Marionette enabled
console.warn: SearchSettings: "get: No settings file exists, new profile?" (new Error("", "(unknown module)"))
1620718285436	Marionette	INFO	Listening on port 54968
1620718285891	Marionette	WARN	TLS certificate errors will be ignored for this session
1620718290668	Marionette	INFO	Stopped listening on port 54968

###!!! [Child][RunMessage] Error: Channel closing: too late to send/recv, messages will be lost

